<?xml version="1.0" encoding="UTF-8"?>
<!-- Generated by org.testng.reporters.JUnitReportReporter -->
<testsuite skipped="0" hostname="ATMECSINLT-135" name="com.atmecs.toolsqa.testscripts.TestOrderFIlters" tests="1" failures="0" timestamp="28 Aug 2019 13:28:30 GMT" time="5.811" errors="0">
  <testcase name="testFilterByOrder" time="5.811" classname="com.atmecs.toolsqa.testscripts.TestOrderFIlters"/>
</testsuite> <!-- com.atmecs.toolsqa.testscripts.TestOrderFIlters -->
