<?xml version="1.0" encoding="UTF-8"?>
<!-- Generated by org.testng.reporters.JUnitReportReporter -->
<testsuite skipped="0" hostname="ATMECSINLT-135" name="com.atmecs.toolsqa.testscripts.TestSearchProductAndAddTocart" tests="1" failures="0" timestamp="13 Aug 2019 13:18:41 GMT" time="52.561" errors="0">
  <testcase name="TestSearchProductToAddToCart" time="52.561" classname="com.atmecs.toolsqa.testscripts.TestSearchProductAndAddTocart"/>
</testsuite> <!-- com.atmecs.toolsqa.testscripts.TestSearchProductAndAddTocart -->
