<?xml version="1.0" encoding="UTF-8"?>
<!-- Generated by org.testng.reporters.JUnitReportReporter -->
<testsuite skipped="0" hostname="ATMECSINLT-135" name="com.atmecs.toolsqa.testscripts.TestProductDetails" tests="1" failures="0" timestamp="28 Aug 2019 13:28:30 GMT" time="2.325" errors="0">
  <testcase name="testProductDetails" time="2.325" classname="com.atmecs.toolsqa.testscripts.TestProductDetails"/>
</testsuite> <!-- com.atmecs.toolsqa.testscripts.TestProductDetails -->
